1: : : : : : : : : : : : : : : : : : : : : : :  PROGRAM VSMKGS - VERSION 19940115  : : : : : : : : : : : : : : : : : : : : : : :


                               ECHO PRINT (LIST-DIRECTED OUTPUT) OF INPUT VALUES:



 KTITLE:

 webvsmoke                                                               


 LGRISE,ACRES,EMTQPM,EMTQH,EMTQR:

 T   1.000000       1.200000       1.800000     -0.5000000    


 LTOFDY,ISTAB,AMIX,U,WDIR,OYINT,OZINT,BKGPM:

 T           1   609.6000       6.700000       180.0000       5.010000    
   5.010000       5.000000    


 DUTMFE,DUTMFN,XBGN,XEND,XNTVL,NISO

   624951.000000000        3343345.00000000       0.0000000E+00   50.00000    
  2.5000000E-02           5


 (CHIISO(J),CHITOL(J),J=1,NISO)

   39.00000      0.1000000       89.00000      0.1000000       139.0000    
  0.1000000       352.0000      0.1000000       527.0000      0.1000000    




 - - - - BEGIN NORTH, EAST DATA FOR CHIISO( 1) =       39.0000000  - - - -
        624912.602213       3343338.229434
        624914.361258       3343331.664588
        624917.233552       3343325.504932
        624921.131824       3343319.937624
        624925.937624       3343315.131824
        624931.504932       3343311.233552
        624937.664588       3343308.361258
        624944.229434       3343306.602213
        624951.000000       3343306.009865
        624957.770566       3343306.602213
        624964.335412       3343308.361258
        624970.495068       3343311.233552
        624976.062376       3343315.131824
        624980.868176       3343319.937624
        624984.766448       3343325.504932
        624987.638742       3343331.664588
        624989.397787       3343338.229434
        624989.990135       3343345.000000
        624996.138229       3343370.000000
        624999.228012       3343395.000000
        625000.092445       3343420.000000
        624998.561058       3343445.000000
        624994.178783       3343470.000000
        624985.464203       3343495.000000
        624963.175922       3343520.000000
        624951.000000       3343523.570312
        624938.824078       3343520.000000
        624916.535797       3343495.000000
        624907.821217       3343470.000000
        624903.438942       3343445.000000
        624901.907555       3343420.000000
        624902.771988       3343395.000000
        624905.861771       3343370.000000
        624912.009865       3343345.000000
 - - - - END NORTH, EAST POINTS FOR CHIISO( 1) =       39.0000000  - - - -




 - - - - BEGIN NORTH, EAST DATA FOR CHIISO( 2) =       89.0000000  - - - -
        624915.295880       3343338.704400
        624916.931525       3343332.600089
        624919.602324       3343326.872543
        624923.227125       3343321.695791
        624927.695791       3343317.227125
        624932.872543       3343313.602324
        624938.600089       3343310.931525
        624944.704400       3343309.295880
        624951.000000       3343308.745087
        624957.295600       3343309.295880
        624963.399911       3343310.931525
        624969.127457       3343313.602324
        624974.304209       3343317.227125
        624978.772875       3343321.695791
        624982.397676       3343326.872543
        624985.068475       3343332.600089
        624986.704120       3343338.704400
        624987.254913       3343345.000000
        624988.201767       3343370.000000
        624984.708141       3343395.000000
        624976.401680       3343420.000000
        624951.000000       3343442.126923
        624925.598320       3343420.000000
        624917.291859       3343395.000000
        624913.798233       3343370.000000
        624914.745087       3343345.000000
 - - - - END NORTH, EAST POINTS FOR CHIISO( 2) =       89.0000000  - - - -




 - - - - BEGIN NORTH, EAST DATA FOR CHIISO( 3) =      139.0000000  - - - -
        624917.071828       3343339.017548
        624918.626115       3343333.216870
        624921.164066       3343327.774216
        624924.608567       3343322.854959
        624928.854959       3343318.608567
        624933.774216       3343315.164066
        624939.216870       3343312.626115
        624945.017548       3343311.071828
        624951.000000       3343310.548431
        624956.982452       3343311.071828
        624962.783130       3343312.626115
        624968.225784       3343315.164066
        624973.145041       3343318.608567
        624977.391433       3343322.854959
        624980.835934       3343327.774216
        624983.373885       3343333.216870
        624984.928172       3343339.017548
        624985.451569       3343345.000000
        624982.238268       3343370.000000
        624971.352341       3343395.000000
        624951.000000       3343410.732895
        624930.647659       3343395.000000
        624919.761732       3343370.000000
        624916.548431       3343345.000000
 - - - - END NORTH, EAST POINTS FOR CHIISO( 3) =      139.0000000  - - - -




 - - - - BEGIN NORTH, EAST DATA FOR CHIISO( 4) =      352.0000000  - - - -
        624923.385107       3343340.130749
        624924.650176       3343335.409448
        624926.715871       3343330.979551
        624929.519426       3343326.975659
        624932.975659       3343323.519426
        624936.979551       3343320.715871
        624941.409448       3343318.650176
        624946.130749       3343317.385107
        624951.000000       3343316.959103
        624955.869251       3343317.385107
        624960.590552       3343318.650176
        624965.020449       3343320.715871
        624969.024341       3343323.519426
        624972.480574       3343326.975659
        624975.284129       3343330.979551
        624977.349824       3343335.409448
        624978.614893       3343340.130749
        624979.040897       3343345.000000
        624951.000000       3343358.185930
        624922.959103       3343345.000000
 - - - - END NORTH, EAST POINTS FOR CHIISO( 4) =      352.0000000  - - - -




 - - - - BEGIN NORTH, EAST DATA FOR CHIISO( 5) =      527.0000000  - - - -
 - - - - END NORTH, EAST POINTS FOR CHIISO( 5) =      527.0000000  - - - -
